<?xml version="1.0" encoding="UTF-8" standalone="yes"?><!DOCTYPE report PUBLIC "-//JACOCO//DTD Report 1.1//EN" "report.dtd"><report name="spring"><sessioninfo id="KGISL060-714dcf7a" start="1678097131397" dump="1678097140824"/><sessioninfo id="KGISL060-ee30ec8e" start="1678097193192" dump="1678097202896"/><sessioninfo id="KGISL060-1c92fe05" start="1678097208881" dump="1678097215099"/><sessioninfo id="KGISL060-5064113d" start="1678097216443" dump="1678097223794"/><sessioninfo id="KGISL060-5d521f5" start="1678097420263" dump="1678097429795"/><sessioninfo id="KGISL060-6e14870a" start="1678097552822" dump="1678097561609"/><sessioninfo id="KGISL060-321de9b8" start="1678097570218" dump="1678097579827"/><sessioninfo id="KGISL060-ef8a128c" start="1678097766149" dump="1678097775411"/><sessioninfo id="KGISL060-fee62f6b" start="1678097786306" dump="1678097795961"/><sessioninfo id="KGISL060-f4ab939a" start="1678098033102" dump="1678098035608"/><sessioninfo id="KGISL060-2d970dd6" start="1678098050659" dump="1678098061685"/><sessioninfo id="KGISL060-7089763a" start="1678098268970" dump="1678098270853"/><sessioninfo id="KGISL060-bda8f745" start="1678098282672" dump="1678098291649"/><sessioninfo id="KGISL060-b09acd69" start="1678098294517" dump="1678098300679"/><sessioninfo id="KGISL060-5252126d" start="1678098301867" dump="1678098307630"/><sessioninfo id="KGISL060-7c7f831c" start="1678098576350" dump="1678098578138"/><sessioninfo id="KGISL060-e145985d" start="1678098589176" dump="1678098598173"/><sessioninfo id="KGISL060-52daa01f" start="1678098793205" dump="1678098794924"/><sessioninfo id="KGISL060-5d818a26" start="1678101756084" dump="1678101757748"/><sessioninfo id="KGISL060-228e131c" start="1678101812915" dump="1678101814654"/><sessioninfo id="KGISL060-199b80b4" start="1678101836824" dump="1678101838450"/><sessioninfo id="KGISL060-4ed03d35" start="1678103154757" dump="1678103156592"/><sessioninfo id="KGISL060-352a0a59" start="1678103168435" dump="1678103177168"/><sessioninfo id="KGISL060-fad9eb0" start="1678103186292" dump="1678103191697"/><sessioninfo id="KGISL060-a01c8a57" start="1678103192938" dump="1678103198312"/><sessioninfo id="KGISL060-4eeced4" start="1678106085481" dump="1678106097187"/><sessioninfo id="KGISL060-b66f2876" start="1678106102402" dump="1678106108021"/><sessioninfo id="KGISL060-cf661f09" start="1678106110178" dump="1678106115537"/><sessioninfo id="KGISL060-af22d1e0" start="1678163463548" dump="1678163465529"/><sessioninfo id="KGISL060-90d0312" start="1678163505689" dump="1678163507433"/><sessioninfo id="KGISL060-4fe8fcbf" start="1678163525391" dump="1678163535117"/><sessioninfo id="KGISL060-fdf3b705" start="1678163542475" dump="1678163548336"/><sessioninfo id="KGISL060-77ad566a" start="1678163549505" dump="1678163555531"/><sessioninfo id="KGISL060-81337990" start="1678163690778" dump="1678163692410"/><sessioninfo id="KGISL060-600ce876" start="1678163715546" dump="1678163717105"/><sessioninfo id="KGISL060-f012d4aa" start="1678163725119" dump="1678163734481"/><sessioninfo id="KGISL060-9d947d68" start="1678163742587" dump="1678163748744"/><sessioninfo id="KGISL060-98289145" start="1678163749876" dump="1678163755111"/><sessioninfo id="KGISL060-63d91aa3" start="1678163879187" dump="1678163880820"/><sessioninfo id="KGISL060-2db167d4" start="1678164023002" dump="1678164024667"/><sessioninfo id="KGISL060-b3895ae9" start="1678164034034" dump="1678164035642"/><sessioninfo id="KGISL060-c01abb36" start="1678164045125" dump="1678164055730"/><sessioninfo id="KGISL060-62d3a0eb" start="1678164061239" dump="1678164066634"/><sessioninfo id="KGISL060-8673e748" start="1678164067910" dump="1678164073760"/><sessioninfo id="KGISL060-4ac636d7" start="1678164571208" dump="1678164572788"/><sessioninfo id="KGISL060-e75c241b" start="1678164583088" dump="1678164591715"/><sessioninfo id="KGISL060-718e23e" start="1678164594838" dump="1678164600264"/><sessioninfo id="KGISL060-f2198832" start="1678164601404" dump="1678164607453"/><sessioninfo id="KGISL060-10b1afaf" start="1678164916705" dump="1678164918318"/><sessioninfo id="KGISL060-c6d6847c" start="1678164928798" dump="1678164937267"/><sessioninfo id="KGISL060-8cfd6f24" start="1678164940515" dump="1678164945728"/><sessioninfo id="KGISL060-ef85ab1e" start="1678164946807" dump="1678164952042"/><sessioninfo id="KGISL060-ec07b526" start="1678165164738" dump="1678165173190"/><sessioninfo id="KGISL060-7997ecb1" start="1678165175924" dump="1678165181123"/><sessioninfo id="KGISL060-2609b495" start="1678165182321" dump="1678165187393"/><sessioninfo id="KGISL060-65dafe33" start="1678165371986" dump="1678165373554"/><sessioninfo id="KGISL060-c188b17a" start="1678165396320" dump="1678165404977"/><sessioninfo id="KGISL060-c2761225" start="1678165407608" dump="1678165412921"/><sessioninfo id="KGISL060-f4bc7225" start="1678165414087" dump="1678165419471"/><sessioninfo id="KGISL060-f8bfcea8" start="1678165489508" dump="1678165498738"/><sessioninfo id="KGISL060-cd723e68" start="1678165501155" dump="1678165506330"/><sessioninfo id="KGISL060-56546ed" start="1678165507678" dump="1678165512735"/><sessioninfo id="KGISL060-bcab1c4c" start="1678165729698" dump="1678165738151"/><sessioninfo id="KGISL060-ef76e421" start="1678165798210" dump="1678165806618"/><sessioninfo id="KGISL060-ee4f8ed4" start="1678165809660" dump="1678165814905"/><sessioninfo id="KGISL060-4af1c3e4" start="1678165815999" dump="1678165821111"/><sessioninfo id="KGISL060-9e7b4087" start="1678165879421" dump="1678165887831"/><sessioninfo id="KGISL060-b65f6cbf" start="1678165902268" dump="1678165910702"/><package name="com/kgisl/springbootAppDemo"><class name="com/kgisl/springbootAppDemo/SpunittestApplication" sourcefilename="SpunittestApplication.java"><method name="&lt;init&gt;" desc="()V" line="10"><counter type="INSTRUCTION" missed="0" covered="3"/><counter type="LINE" missed="0" covered="1"/><counter type="COMPLEXITY" missed="0" covered="1"/><counter type="METHOD" missed="0" covered="1"/></method><method name="main" desc="([Ljava/lang/String;)V" line="13"><counter type="INSTRUCTION" missed="5" covered="0"/><counter type="LINE" missed="2" covered="0"/><counter type="COMPLEXITY" missed="1" covered="0"/><counter type="METHOD" missed="1" covered="0"/></method><counter type="INSTRUCTION" missed="5" covered="3"/><counter type="LINE" missed="2" covered="1"/><counter type="COMPLEXITY" missed="1" covered="1"/><counter type="METHOD" missed="1" covered="1"/><counter type="CLASS" missed="0" covered="1"/></class><sourcefile name="SpunittestApplication.java"><line nr="10" mi="0" ci="3" mb="0" cb="0"/><line nr="13" mi="4" ci="0" mb="0" cb="0"/><line nr="14" mi="1" ci="0" mb="0" cb="0"/><counter type="INSTRUCTION" missed="5" covered="3"/><counter type="LINE" missed="2" covered="1"/><counter type="COMPLEXITY" missed="1" covered="1"/><counter type="METHOD" missed="1" covered="1"/><counter type="CLASS" missed="0" covered="1"/></sourcefile><counter type="INSTRUCTION" missed="5" covered="3"/><counter type="LINE" missed="2" covered="1"/><counter type="COMPLEXITY" missed="1" covered="1"/><counter type="METHOD" missed="1" covered="1"/><counter type="CLASS" missed="0" covered="1"/></package><package name="com/kgisl/springbootAppDemo/service"><class name="com/kgisl/springbootAppDemo/service/BookServiceImp" sourcefilename="BookServiceImp.java"><method name="&lt;init&gt;" desc="()V" line="15"><counter type="INSTRUCTION" missed="0" covered="3"/><counter type="LINE" missed="0" covered="1"/><counter type="COMPLEXITY" missed="0" covered="1"/><counter type="METHOD" missed="0" covered="1"/></method><method name="createBook" desc="(Lcom/kgisl/springbootAppDemo/entity/Book;)Lcom/kgisl/springbootAppDemo/entity/Book;" line="22"><counter type="INSTRUCTION" missed="6" covered="0"/><counter type="LINE" missed="1" covered="0"/><counter type="COMPLEXITY" missed="1" covered="0"/><counter type="METHOD" missed="1" covered="0"/></method><method name="getBooks" desc="()Ljava/util/List;" line="27"><counter type="INSTRUCTION" missed="4" covered="0"/><counter type="LINE" missed="1" covered="0"/><counter type="COMPLEXITY" missed="1" covered="0"/><counter type="METHOD" missed="1" covered="0"/></method><method name="findByBookId" desc="(Ljava/lang/Long;)Lcom/kgisl/springbootAppDemo/entity/Book;" line="32"><counter type="INSTRUCTION" missed="8" covered="0"/><counter type="LINE" missed="1" covered="0"/><counter type="COMPLEXITY" missed="1" covered="0"/><counter type="METHOD" missed="1" covered="0"/></method><method name="updateBook" desc="(Ljava/lang/Long;Lcom/kgisl/springbootAppDemo/entity/Book;)Lcom/kgisl/springbootAppDemo/entity/Book;" line="37"><counter type="INSTRUCTION" missed="32" covered="0"/><counter type="LINE" missed="6" covered="0"/><counter type="COMPLEXITY" missed="1" covered="0"/><counter type="METHOD" missed="1" covered="0"/></method><method name="deleteBookById" desc="(Ljava/lang/Long;)V" line="47"><counter type="INSTRUCTION" missed="5" covered="0"/><counter type="LINE" missed="2" covered="0"/><counter type="COMPLEXITY" missed="1" covered="0"/><counter type="METHOD" missed="1" covered="0"/></method><method name="lambda$0" desc="()Ljava/lang/IllegalArgumentException;" line="32"><counter type="INSTRUCTION" missed="5" covered="0"/><counter type="LINE" missed="1" covered="0"/><counter type="COMPLEXITY" missed="1" covered="0"/><counter type="METHOD" missed="1" covered="0"/></method><counter type="INSTRUCTION" missed="60" covered="3"/><counter type="LINE" missed="11" covered="1"/><counter type="COMPLEXITY" missed="6" covered="1"/><counter type="METHOD" missed="6" covered="1"/><counter type="CLASS" missed="0" covered="1"/></class><sourcefile name="BookServiceImp.java"><line nr="15" mi="0" ci="3" mb="0" cb="0"/><line nr="22" mi="6" ci="0" mb="0" cb="0"/><line nr="27" mi="4" ci="0" mb="0" cb="0"/><line nr="32" mi="13" ci="0" mb="0" cb="0"/><line nr="37" mi="10" ci="0" mb="0" cb="0"/><line nr="38" mi="4" ci="0" mb="0" cb="0"/><line nr="39" mi="4" ci="0" mb="0" cb="0"/><line nr="40" mi="4" ci="0" mb="0" cb="0"/><line nr="41" mi="4" ci="0" mb="0" cb="0"/><line nr="42" mi="6" ci="0" mb="0" cb="0"/><line nr="47" mi="4" ci="0" mb="0" cb="0"/><line nr="49" mi="1" ci="0" mb="0" cb="0"/><counter type="INSTRUCTION" missed="60" covered="3"/><counter type="LINE" missed="11" covered="1"/><counter type="COMPLEXITY" missed="6" covered="1"/><counter type="METHOD" missed="6" covered="1"/><counter type="CLASS" missed="0" covered="1"/></sourcefile><counter type="INSTRUCTION" missed="60" covered="3"/><counter type="LINE" missed="11" covered="1"/><counter type="COMPLEXITY" missed="6" covered="1"/><counter type="METHOD" missed="6" covered="1"/><counter type="CLASS" missed="0" covered="1"/></package><package name="com/kgisl/springbootAppDemo/controller"><class name="com/kgisl/springbootAppDemo/controller/BookController" sourcefilename="BookController.java"><method name="&lt;init&gt;" desc="()V" line="29"><counter type="INSTRUCTION" missed="0" covered="3"/><counter type="LINE" missed="0" covered="1"/><counter type="COMPLEXITY" missed="0" covered="1"/><counter type="METHOD" missed="0" covered="1"/></method><method name="createBook" desc="(Lcom/kgisl/springbootAppDemo/entity/Book;)Lorg/springframework/http/ResponseEntity;" line="38"><counter type="INSTRUCTION" missed="0" covered="16"/><counter type="LINE" missed="0" covered="3"/><counter type="COMPLEXITY" missed="0" covered="1"/><counter type="METHOD" missed="0" covered="1"/></method><method name="all" desc="()Lorg/springframework/http/ResponseEntity;" line="46"><counter type="INSTRUCTION" missed="0" covered="8"/><counter type="LINE" missed="0" covered="1"/><counter type="COMPLEXITY" missed="0" covered="1"/><counter type="METHOD" missed="0" covered="1"/></method><method name="getBookById" desc="(J)Lorg/springframework/http/ResponseEntity;" line="51"><counter type="INSTRUCTION" missed="0" covered="19"/><counter type="BRANCH" missed="0" covered="2"/><counter type="LINE" missed="0" covered="4"/><counter type="COMPLEXITY" missed="0" covered="2"/><counter type="METHOD" missed="0" covered="1"/></method><method name="updateBook" desc="(JLcom/kgisl/springbootAppDemo/entity/Book;)Lorg/springframework/http/ResponseEntity;" line="61"><counter type="INSTRUCTION" missed="0" covered="13"/><counter type="LINE" missed="0" covered="2"/><counter type="COMPLEXITY" missed="0" covered="1"/><counter type="METHOD" missed="0" covered="1"/></method><method name="deleteBook" desc="(Ljava/lang/Long;)Lorg/springframework/http/ResponseEntity;" line="67"><counter type="INSTRUCTION" missed="0" covered="21"/><counter type="BRANCH" missed="0" covered="2"/><counter type="LINE" missed="0" covered="5"/><counter type="COMPLEXITY" missed="0" covered="2"/><counter type="METHOD" missed="0" covered="1"/></method><counter type="INSTRUCTION" missed="0" covered="80"/><counter type="BRANCH" missed="0" covered="4"/><counter type="LINE" missed="0" covered="16"/><counter type="COMPLEXITY" missed="0" covered="8"/><counter type="METHOD" missed="0" covered="6"/><counter type="CLASS" missed="0" covered="1"/></class><sourcefile name="BookController.java"><line nr="29" mi="0" ci="3" mb="0" cb="0"/><line nr="38" mi="0" ci="5" mb="0" cb="0"/><line nr="39" mi="0" ci="4" mb="0" cb="0"/><line nr="41" mi="0" ci="7" mb="0" cb="0"/><line nr="46" mi="0" ci="8" mb="0" cb="0"/><line nr="51" mi="0" ci="6" mb="0" cb="0"/><line nr="52" mi="0" ci="2" mb="0" cb="2"/><line nr="53" mi="0" ci="5" mb="0" cb="0"/><line nr="55" mi="0" ci="6" mb="0" cb="0"/><line nr="61" mi="0" ci="7" mb="0" cb="0"/><line nr="62" mi="0" ci="6" mb="0" cb="0"/><line nr="67" mi="0" ci="5" mb="0" cb="0"/><line nr="68" mi="0" ci="2" mb="0" cb="2"/><line nr="69" mi="0" ci="5" mb="0" cb="0"/><line nr="71" mi="0" ci="4" mb="0" cb="0"/><line nr="72" mi="0" ci="5" mb="0" cb="0"/><counter type="INSTRUCTION" missed="0" covered="80"/><counter type="BRANCH" missed="0" covered="4"/><counter type="LINE" missed="0" covered="16"/><counter type="COMPLEXITY" missed="0" covered="8"/><counter type="METHOD" missed="0" covered="6"/><counter type="CLASS" missed="0" covered="1"/></sourcefile><counter type="INSTRUCTION" missed="0" covered="80"/><counter type="BRANCH" missed="0" covered="4"/><counter type="LINE" missed="0" covered="16"/><counter type="COMPLEXITY" missed="0" covered="8"/><counter type="METHOD" missed="0" covered="6"/><counter type="CLASS" missed="0" covered="1"/></package><package name="com/kgisl/springbootAppDemo/entity"><class name="com/kgisl/springbootAppDemo/entity/Book" sourcefilename="Book.java"><method name="&lt;init&gt;" desc="()V" line="9"><counter type="INSTRUCTION" missed="0" covered="3"/><counter type="LINE" missed="0" covered="1"/><counter type="COMPLEXITY" missed="0" covered="1"/><counter type="METHOD" missed="0" covered="1"/></method><method name="getId" desc="()J" line="18"><counter type="INSTRUCTION" missed="0" covered="3"/><counter type="LINE" missed="0" covered="1"/><counter type="COMPLEXITY" missed="0" covered="1"/><counter type="METHOD" missed="0" covered="1"/></method><method name="setId" desc="(J)V" line="22"><counter type="INSTRUCTION" missed="0" covered="4"/><counter type="LINE" missed="0" covered="2"/><counter type="COMPLEXITY" missed="0" covered="1"/><counter type="METHOD" missed="0" covered="1"/></method><method name="getTitle" desc="()Ljava/lang/String;" line="26"><counter type="INSTRUCTION" missed="0" covered="3"/><counter type="LINE" missed="0" covered="1"/><counter type="COMPLEXITY" missed="0" covered="1"/><counter type="METHOD" missed="0" covered="1"/></method><method name="setTitle" desc="(Ljava/lang/String;)V" line="30"><counter type="INSTRUCTION" missed="0" covered="4"/><counter type="LINE" missed="0" covered="2"/><counter type="COMPLEXITY" missed="0" covered="1"/><counter type="METHOD" missed="0" covered="1"/></method><method name="getAuthor" desc="()Ljava/lang/String;" line="34"><counter type="INSTRUCTION" missed="0" covered="3"/><counter type="LINE" missed="0" covered="1"/><counter type="COMPLEXITY" missed="0" covered="1"/><counter type="METHOD" missed="0" covered="1"/></method><method name="setAuthor" desc="(Ljava/lang/String;)V" line="38"><counter type="INSTRUCTION" missed="0" covered="4"/><counter type="LINE" missed="0" covered="2"/><counter type="COMPLEXITY" missed="0" covered="1"/><counter type="METHOD" missed="0" covered="1"/></method><method name="getPrice" desc="()F" line="42"><counter type="INSTRUCTION" missed="0" covered="3"/><counter type="LINE" missed="0" covered="1"/><counter type="COMPLEXITY" missed="0" covered="1"/><counter type="METHOD" missed="0" covered="1"/></method><method name="setPrice" desc="(F)V" line="46"><counter type="INSTRUCTION" missed="0" covered="4"/><counter type="LINE" missed="0" covered="2"/><counter type="COMPLEXITY" missed="0" covered="1"/><counter type="METHOD" missed="0" covered="1"/></method><method name="toString" desc="()Ljava/lang/String;" line="51"><counter type="INSTRUCTION" missed="0" covered="26"/><counter type="LINE" missed="0" covered="1"/><counter type="COMPLEXITY" missed="0" covered="1"/><counter type="METHOD" missed="0" covered="1"/></method><counter type="INSTRUCTION" missed="0" covered="57"/><counter type="LINE" missed="0" covered="14"/><counter type="COMPLEXITY" missed="0" covered="10"/><counter type="METHOD" missed="0" covered="10"/><counter type="CLASS" missed="0" covered="1"/></class><sourcefile name="Book.java"><line nr="9" mi="0" ci="3" mb="0" cb="0"/><line nr="18" mi="0" ci="3" mb="0" cb="0"/><line nr="22" mi="0" ci="3" mb="0" cb="0"/><line nr="23" mi="0" ci="1" mb="0" cb="0"/><line nr="26" mi="0" ci="3" mb="0" cb="0"/><line nr="30" mi="0" ci="3" mb="0" cb="0"/><line nr="31" mi="0" ci="1" mb="0" cb="0"/><line nr="34" mi="0" ci="3" mb="0" cb="0"/><line nr="38" mi="0" ci="3" mb="0" cb="0"/><line nr="39" mi="0" ci="1" mb="0" cb="0"/><line nr="42" mi="0" ci="3" mb="0" cb="0"/><line nr="46" mi="0" ci="3" mb="0" cb="0"/><line nr="47" mi="0" ci="1" mb="0" cb="0"/><line nr="51" mi="0" ci="26" mb="0" cb="0"/><counter type="INSTRUCTION" missed="0" covered="57"/><counter type="LINE" missed="0" covered="14"/><counter type="COMPLEXITY" missed="0" covered="10"/><counter type="METHOD" missed="0" covered="10"/><counter type="CLASS" missed="0" covered="1"/></sourcefile><counter type="INSTRUCTION" missed="0" covered="57"/><counter type="LINE" missed="0" covered="14"/><counter type="COMPLEXITY" missed="0" covered="10"/><counter type="METHOD" missed="0" covered="10"/><counter type="CLASS" missed="0" covered="1"/></package><counter type="INSTRUCTION" missed="65" covered="143"/><counter type="BRANCH" missed="0" covered="4"/><counter type="LINE" missed="13" covered="32"/><counter type="COMPLEXITY" missed="7" covered="20"/><counter type="METHOD" missed="7" covered="18"/><counter type="CLASS" missed="0" covered="4"/></report>